#
# There is insufficient memory for the Java Runtime Environment to continue.
# Native memory allocation (malloc) failed to allocate 1772496 bytes. Error detail: Chunk::new
# Possible reasons:
#   The system is out of physical RAM or swap space
#   This process is running with CompressedOops enabled, and the Java Heap may be blocking the growth of the native heap
# Possible solutions:
#   Reduce memory load on the system
#   Increase physical memory or swap space
#   Check if swap backing store is full
#   Decrease Java heap size (-Xmx/-Xms)
#   Decrease number of Java threads
#   Decrease Java thread stack sizes (-Xss)
#   Set larger code cache with -XX:ReservedCodeCacheSize=
#   JVM is running with Unscaled Compressed Oops mode in which the Java heap is
#     placed in the first 4GB address space. The Java Heap base address is the
#     maximum limit for the native heap growth. Please use -XX:HeapBaseMinAddress
#     to set the Java Heap base and to place the Java Heap above 4GB virtual address.
# This output file may be truncated or incomplete.
#
#  Out of Memory Error (arena.cpp:191), pid=10688, tid=17464
#
# JRE version: OpenJDK Runtime Environment Temurin-17.0.13+11 (17.0.13+11) (build 17.0.13+11)
# Java VM: OpenJDK 64-Bit Server VM Temurin-17.0.13+11 (17.0.13+11, mixed mode, tiered, compressed oops, compressed class ptrs, parallel gc, windows-amd64)
# No core dump will be written. Minidumps are not enabled by default on client versions of Windows
#

---------------  S U M M A R Y ------------

Command Line: --add-modules=ALL-SYSTEM --add-opens=java.base/java.util=ALL-UNNAMED --add-opens=java.base/java.lang=ALL-UNNAMED --add-opens=java.base/sun.nio.fs=ALL-UNNAMED -Declipse.application=org.eclipse.jdt.ls.core.id1 -Dosgi.bundles.defaultStartLevel=4 -Declipse.product=org.eclipse.jdt.ls.core.product -Djava.import.generatesMetadataFilesAtProjectRoot=false -DDetectVMInstallationsJob.disabled=true -Dfile.encoding=utf8 -XX:+UseParallelGC -XX:GCTimeRatio=4 -XX:AdaptiveSizePolicyWeight=90 -Dsun.zip.disableMemoryMapping=true -Xmx1G -Xms100m -Xlog:disable -javaagent:c:\Users\Baptiste\.vscode\extensions\redhat.java-1.36.0-win32-x64\lombok\lombok-1.18.35.jar -XX:+HeapDumpOnOutOfMemoryError -XX:HeapDumpPath=c:\Users\Baptiste\AppData\Roaming\Code\User\workspaceStorage\2ba083714be71e1c8872c7d66529f181\redhat.java -Daether.dependencyCollector.impl=bf c:\Users\Baptiste\.vscode\extensions\redhat.java-1.36.0-win32-x64\server\plugins\org.eclipse.equinox.launcher_1.6.900.v20240613-2009.jar -configuration c:\Users\Baptiste\AppData\Roaming\Code\User\globalStorage\redhat.java\1.36.0\config_win -data c:\Users\Baptiste\AppData\Roaming\Code\User\workspaceStorage\2ba083714be71e1c8872c7d66529f181\redhat.java\jdt_ws --pipe=\\.\pipe\lsp-9b49e95e30a39b6a6c8c7fcfc0ca31f4-sock

Host: Intel(R) Core(TM) i5-3470 CPU @ 3.20GHz, 4 cores, 7G,  Windows 10 , 64 bit Build 19041 (10.0.19041.4957)
Time: Sun Nov 10 15:50:56 2024 Paris, Madrid elapsed time: 83.845200 seconds (0d 0h 1m 23s)

---------------  T H R E A D  ---------------

Current thread (0x000002abf8df86e0):  JavaThread "C2 CompilerThread0" daemon [_thread_in_native, id=17464, stack(0x000000d055700000,0x000000d055800000)]


Current CompileTask:
C2:  83845 8745   !   4       org.eclipse.jdt.internal.core.search.indexing.BinaryIndexer::indexDocument (1157 bytes)

Stack: [0x000000d055700000,0x000000d055800000]
Native frames: (J=compiled Java code, j=interpreted, Vv=VM code, C=native code)
V  [jvm.dll+0x682a19]
V  [jvm.dll+0x839538]
V  [jvm.dll+0x83afe3]
V  [jvm.dll+0x83b653]
V  [jvm.dll+0x24704f]
V  [jvm.dll+0xace34]
V  [jvm.dll+0xad4cc]
V  [jvm.dll+0x36592f]
V  [jvm.dll+0x32fbd8]
V  [jvm.dll+0x32f05a]
V  [jvm.dll+0x21804f]
V  [jvm.dll+0x21748f]
V  [jvm.dll+0x1a3070]
V  [jvm.dll+0x22788c]
V  [jvm.dll+0x2259eb]
V  [jvm.dll+0x7eec98]
V  [jvm.dll+0x7e8ffc]
V  [jvm.dll+0x6818f7]
C  [ucrtbase.dll+0x21bb2]
C  [KERNEL32.DLL+0x17374]
C  [ntdll.dll+0x4cc91]


---------------  P R O C E S S  ---------------

Threads class SMR info:
_java_thread_list=0x000002ab80cc3340, length=42, elements={
0x000002abe4f69b20, 0x000002abf8dc13b0, 0x000002abf8dc2ed0, 0x000002abf8deb280,
0x000002abf8dec8a0, 0x000002abf8dee5d0, 0x000002abf8df1d40, 0x000002abf8df86e0,
0x000002abf8dfa0d0, 0x000002abf8dfc970, 0x000002abe4fe40a0, 0x000002abfe418070,
0x000002abfeb1fb70, 0x000002abfeaac020, 0x000002abfeaaf950, 0x000002abfeab0200,
0x000002abfe7bc540, 0x000002abfe729300, 0x000002abfe727ec0, 0x000002abfe7283d0,
0x000002abfe728df0, 0x000002abfe7288e0, 0x000002abfe726570, 0x000002abfe726a80,
0x000002abfe7274a0, 0x000002abfe7279b0, 0x000002abfe726f90, 0x000002abff16b3b0,
0x000002abff1662b0, 0x000002abff167c00, 0x000002abff164e70, 0x000002abff1676f0,
0x000002abff16a480, 0x000002abff16a990, 0x000002abff1667c0, 0x000002abff16aea0,
0x000002abff165890, 0x000002abff16b8c0, 0x000002abff168110, 0x000002abff165da0,
0x000002abff164450, 0x000002abff168620
}
_to_delete_list=0x000002ab80cc37f0, length=43, elements={
0x000002abe4f69b20, 0x000002abf8dc13b0, 0x000002abf8dc2ed0, 0x000002abf8deb280,
0x000002abf8dec8a0, 0x000002abf8dee5d0, 0x000002abf8df1d40, 0x000002abf8df86e0,
0x000002abf8dfa0d0, 0x000002abf8dfc970, 0x000002abe4fe40a0, 0x000002abfe418070,
0x000002abfeb1fb70, 0x000002abfeaac020, 0x000002abfeaaf950, 0x000002abfeab0200,
0x000002abfe7bc540, 0x000002abfe729300, 0x000002abfe727ec0, 0x000002abfe7283d0,
0x000002abfe728df0, 0x000002abfe7288e0, 0x000002abfe726570, 0x000002abfe726a80,
0x000002abfe7274a0, 0x000002abfe7279b0, 0x000002abfe726f90, 0x000002abff16b3b0,
0x000002abff1662b0, 0x000002abff167c00, 0x000002abff164e70, 0x000002abff1676f0,
0x000002abff16a480, 0x000002abff16a990, 0x000002abff1667c0, 0x000002abff16aea0,
0x000002abff165890, 0x000002abff16b8c0, 0x000002abff168110, 0x000002abff165da0,
0x000002abff164450, 0x000002abff168620, 0x000002abff166cd0
}

Java Threads: ( => current thread )
  0x000002abe4f69b20 JavaThread "main" [_thread_blocked, id=9524, stack(0x000000d054e00000,0x000000d054f00000)]
  0x000002abf8dc13b0 JavaThread "Reference Handler" daemon [_thread_blocked, id=460, stack(0x000000d055100000,0x000000d055200000)]
  0x000002abf8dc2ed0 JavaThread "Finalizer" daemon [_thread_blocked, id=17608, stack(0x000000d055200000,0x000000d055300000)]
  0x000002abf8deb280 JavaThread "Signal Dispatcher" daemon [_thread_blocked, id=17572, stack(0x000000d055300000,0x000000d055400000)]
  0x000002abf8dec8a0 JavaThread "Attach Listener" daemon [_thread_blocked, id=11360, stack(0x000000d055400000,0x000000d055500000)]
  0x000002abf8dee5d0 JavaThread "Service Thread" daemon [_thread_blocked, id=14260, stack(0x000000d055500000,0x000000d055600000)]
  0x000002abf8df1d40 JavaThread "Monitor Deflation Thread" daemon [_thread_blocked, id=15632, stack(0x000000d055600000,0x000000d055700000)]
=>0x000002abf8df86e0 JavaThread "C2 CompilerThread0" daemon [_thread_in_native, id=17464, stack(0x000000d055700000,0x000000d055800000)]
  0x000002abf8dfa0d0 JavaThread "C1 CompilerThread0" daemon [_thread_blocked, id=13544, stack(0x000000d055800000,0x000000d055900000)]
  0x000002abf8dfc970 JavaThread "Sweeper thread" daemon [_thread_blocked, id=4444, stack(0x000000d055900000,0x000000d055a00000)]
  0x000002abe4fe40a0 JavaThread "Common-Cleaner" daemon [_thread_blocked, id=8144, stack(0x000000d055a00000,0x000000d055b00000)]
  0x000002abfe418070 JavaThread "Notification Thread" daemon [_thread_blocked, id=6968, stack(0x000000d055b00000,0x000000d055c00000)]
  0x000002abfeb1fb70 JavaThread "Active Thread: Equinox Container: 482c0ef7-35bf-4c43-9a80-48e93c51c02f" [_thread_blocked, id=11420, stack(0x000000d056000000,0x000000d056100000)]
  0x000002abfeaac020 JavaThread "Refresh Thread: Equinox Container: 482c0ef7-35bf-4c43-9a80-48e93c51c02f" daemon [_thread_blocked, id=14368, stack(0x000000d056100000,0x000000d056200000)]
  0x000002abfeaaf950 JavaThread "Framework Event Dispatcher: Equinox Container: 482c0ef7-35bf-4c43-9a80-48e93c51c02f" daemon [_thread_blocked, id=14516, stack(0x000000d056200000,0x000000d056300000)]
  0x000002abfeab0200 JavaThread "Start Level: Equinox Container: 482c0ef7-35bf-4c43-9a80-48e93c51c02f" daemon [_thread_blocked, id=10292, stack(0x000000d056300000,0x000000d056400000)]
  0x000002abfe7bc540 JavaThread "Bundle File Closer" daemon [_thread_blocked, id=18320, stack(0x000000d056500000,0x000000d056600000)]
  0x000002abfe729300 JavaThread "SCR Component Actor" daemon [_thread_blocked, id=12636, stack(0x000000d056400000,0x000000d056500000)]
  0x000002abfe727ec0 JavaThread "Worker-JM" [_thread_blocked, id=1936, stack(0x000000d056700000,0x000000d056800000)]
  0x000002abfe7283d0 JavaThread "JNA Cleaner" daemon [_thread_blocked, id=12008, stack(0x000000d056800000,0x000000d056900000)]
  0x000002abfe728df0 JavaThread "Worker-0" [_thread_blocked, id=13844, stack(0x000000d056900000,0x000000d056a00000)]
  0x000002abfe7288e0 JavaThread "Worker-1" [_thread_blocked, id=8172, stack(0x000000d056a00000,0x000000d056b00000)]
  0x000002abfe726570 JavaThread "Worker-2" [_thread_blocked, id=14948, stack(0x000000d056b00000,0x000000d056c00000)]
  0x000002abfe726a80 JavaThread "Java indexing" daemon [_thread_in_Java, id=16516, stack(0x000000d056c00000,0x000000d056d00000)]
  0x000002abfe7274a0 JavaThread "Worker-3" [_thread_blocked, id=12932, stack(0x000000d056d00000,0x000000d056e00000)]
  0x000002abfe7279b0 JavaThread "Worker-4: Java indexing... " [_thread_blocked, id=14356, stack(0x000000d057000000,0x000000d057100000)]
  0x000002abfe726f90 JavaThread "Thread-2" daemon [_thread_in_native, id=13608, stack(0x000000d057100000,0x000000d057200000)]
  0x000002abff16b3b0 JavaThread "Thread-3" daemon [_thread_in_native, id=17496, stack(0x000000d057200000,0x000000d057300000)]
  0x000002abff1662b0 JavaThread "Thread-4" daemon [_thread_in_native, id=12036, stack(0x000000d057300000,0x000000d057400000)]
  0x000002abff167c00 JavaThread "Thread-5" daemon [_thread_in_native, id=2688, stack(0x000000d057400000,0x000000d057500000)]
  0x000002abff164e70 JavaThread "Thread-6" daemon [_thread_in_native, id=17864, stack(0x000000d057500000,0x000000d057600000)]
  0x000002abff1676f0 JavaThread "pool-2-thread-1" [_thread_blocked, id=9508, stack(0x000000d057600000,0x000000d057700000)]
  0x000002abff16a480 JavaThread "Worker-5: Initialize workspace" [_thread_blocked, id=15100, stack(0x000000d057700000,0x000000d057800000)]
  0x000002abff16a990 JavaThread "Worker-6" [_thread_blocked, id=2016, stack(0x000000d057800000,0x000000d057900000)]
  0x000002abff1667c0 JavaThread "WorkspaceEventsHandler" [_thread_blocked, id=16208, stack(0x000000d057900000,0x000000d057a00000)]
  0x000002abff16aea0 JavaThread "pool-1-thread-1" [_thread_blocked, id=11732, stack(0x000000d057a00000,0x000000d057b00000)]
  0x000002abff165890 JavaThread "Worker-7" [_thread_blocked, id=17456, stack(0x000000d056600000,0x000000d056700000)]
  0x000002abff16b8c0 JavaThread "ForkJoinPool.commonPool-worker-1" daemon [_thread_blocked, id=15772, stack(0x000000d057c00000,0x000000d057d00000)]
  0x000002abff168110 JavaThread "ForkJoinPool.commonPool-worker-2" daemon [_thread_blocked, id=4944, stack(0x000000d057d00000,0x000000d057e00000)]
  0x000002abff165da0 JavaThread "ForkJoinPool.commonPool-worker-3" daemon [_thread_in_native, id=8344, stack(0x000000d057e00000,0x000000d057f00000)]
  0x000002abff164450 JavaThread "LocalFile Deleter" daemon [_thread_blocked, id=6408, stack(0x000000d057f00000,0x000000d058000000)]
  0x000002abff168620 JavaThread "LocalFile Deleter" daemon [_thread_blocked, id=5776, stack(0x000000d058000000,0x000000d058100000)]

Other Threads:
  0x000002abf8dac8f0 VMThread "VM Thread" [stack: 0x000000d055000000,0x000000d055100000] [id=13768]
  0x000002abfe3344c0 WatcherThread [stack: 0x000000d055c00000,0x000000d055d00000] [id=17800]
  0x000002abe4f94660 GCTaskThread "GC Thread#0" [stack: 0x000000d054f00000,0x000000d055000000] [id=8200]
  0x000002abfea5db20 GCTaskThread "GC Thread#1" [stack: 0x000000d055d00000,0x000000d055e00000] [id=17724]
  0x000002abfe795860 GCTaskThread "GC Thread#2" [stack: 0x000000d055e00000,0x000000d055f00000] [id=12396]
  0x000002abfe91ccc0 GCTaskThread "GC Thread#3" [stack: 0x000000d055f00000,0x000000d056000000] [id=17948]

Threads with active compile tasks:
C2 CompilerThread0    83879 8745   !   4       org.eclipse.jdt.internal.core.search.indexing.BinaryIndexer::indexDocument (1157 bytes)

VM state: not at safepoint (normal execution)

VM Mutex/Monitor currently owned by a thread: None

Heap address: 0x00000000c0000000, size: 1024 MB, Compressed Oops mode: 32-bit

CDS archive(s) not mapped
Compressed class space mapped at: 0x0000000100000000-0x0000000140000000, reserved size: 1073741824
Narrow klass base: 0x0000000000000000, Narrow klass shift: 3, Narrow klass range: 0x140000000

GC Precious Log:
 CPUs: 4 total, 4 available
 Memory: 8073M
 Large Page Support: Disabled
 NUMA Support: Disabled
 Compressed Oops: Enabled (32-bit)
 Alignments: Space 512K, Generation 512K, Heap 2M
 Heap Min Capacity: 100M
 Heap Initial Capacity: 100M
 Heap Max Capacity: 1G
 Pre-touch: Disabled
 Parallel Workers: 4

Heap:
 PSYoungGen      total 18432K, used 12763K [0x00000000eab00000, 0x00000000ebf80000, 0x0000000100000000)
  eden space 16896K, 66% used [0x00000000eab00000,0x00000000eb5faea8,0x00000000ebb80000)
  from space 1536K, 98% used [0x00000000ebe00000,0x00000000ebf7c008,0x00000000ebf80000)
  to   space 2048K, 0% used [0x00000000ebc00000,0x00000000ebc00000,0x00000000ebe00000)
 ParOldGen       total 68608K, used 54620K [0x00000000c0000000, 0x00000000c4300000, 0x00000000eab00000)
  object space 68608K, 79% used [0x00000000c0000000,0x00000000c3557288,0x00000000c4300000)
 Metaspace       used 64960K, committed 66176K, reserved 1114112K
  class space    used 6990K, committed 7488K, reserved 1048576K

Card table byte_map: [0x000002abe4920000,0x000002abe4b30000] _byte_map_base: 0x000002abe4320000

Marking Bits: (ParMarkBitMap*) 0x00007ffe20e76940
 Begin Bits: [0x000002abf6c20000, 0x000002abf7c20000)
 End Bits:   [0x000002abf7c20000, 0x000002abf8c20000)

Polling page: 0x000002abe2f10000

Metaspace:

Usage:
  Non-class:     56.61 MB used.
      Class:      6.83 MB used.
       Both:     63.44 MB used.

Virtual space:
  Non-class space:       64.00 MB reserved,      57.31 MB ( 90%) committed,  1 nodes.
      Class space:        1.00 GB reserved,       7.31 MB ( <1%) committed,  1 nodes.
             Both:        1.06 GB reserved,      64.62 MB (  6%) committed. 

Chunk freelists:
   Non-Class:  5.98 MB
       Class:  8.61 MB
        Both:  14.59 MB

MaxMetaspaceSize: unlimited
CompressedClassSpaceSize: 1.00 GB
Initial GC threshold: 21.00 MB
Current GC threshold: 97.31 MB
CDS: off
MetaspaceReclaimPolicy: balanced
 - commit_granule_bytes: 65536.
 - commit_granule_words: 8192.
 - virtual_space_node_default_size: 8388608.
 - enlarge_chunks_in_place: 1.
 - new_chunks_are_fully_committed: 0.
 - uncommit_free_chunks: 1.
 - use_allocation_guard: 0.
 - handle_deallocations: 1.


Internal statistics:

num_allocs_failed_limit: 9.
num_arena_births: 812.
num_arena_deaths: 14.
num_vsnodes_births: 2.
num_vsnodes_deaths: 0.
num_space_committed: 1034.
num_space_uncommitted: 0.
num_chunks_returned_to_freelist: 23.
num_chunks_taken_from_freelist: 3343.
num_chunk_merges: 14.
num_chunk_splits: 2011.
num_chunks_enlarged: 1095.
num_inconsistent_stats: 0.

CodeHeap 'non-profiled nmethods': size=120000Kb used=4273Kb max_used=4752Kb free=115726Kb
 bounds [0x000002abef6f0000, 0x000002abefba0000, 0x000002abf6c20000]
CodeHeap 'profiled nmethods': size=120000Kb used=14472Kb max_used=16108Kb free=105527Kb
 bounds [0x000002abe7c20000, 0x000002abe8be0000, 0x000002abef150000]
CodeHeap 'non-nmethods': size=5760Kb used=1368Kb max_used=1439Kb free=4392Kb
 bounds [0x000002abef150000, 0x000002abef3c0000, 0x000002abef6f0000]
 total_blobs=7982 nmethods=7266 adapters=628
 compilation: enabled
              stopped_count=0, restarted_count=0
 full_count=0

Compilation events (20 events):
Event: 83.649 Thread 0x000002abf8dfa0d0 8760       3       sun.nio.cs.StreamDecoder::implRead (243 bytes)
Event: 83.650 Thread 0x000002abf8dfa0d0 nmethod 8760 0x000002abe85c1790 code [0x000002abe85c1a20, 0x000002abe85c2838]
Event: 83.651 Thread 0x000002abf8dfa0d0 8761       1       org.apache.maven.model.Model::getGroupId (5 bytes)
Event: 83.651 Thread 0x000002abf8dfa0d0 nmethod 8761 0x000002abef77b210 code [0x000002abef77b3a0, 0x000002abef77b478]
Event: 83.652 Thread 0x000002abf8dfa0d0 8762       3       org.codehaus.plexus.interpolation.reflection.ReflectionValueExtractor$Tokenizer::nextPropertyName (86 bytes)
Event: 83.652 Thread 0x000002abf8dfa0d0 nmethod 8762 0x000002abe8853310 code [0x000002abe8853580, 0x000002abe88540c8]
Event: 83.653 Thread 0x000002abf8dfa0d0 8763       1       sun.nio.fs.WindowsPath::getPathForPermissionCheck (5 bytes)
Event: 83.653 Thread 0x000002abf8dfa0d0 nmethod 8763 0x000002abef77af10 code [0x000002abef77b0a0, 0x000002abef77b178]
Event: 83.748 Thread 0x000002abf8dfa0d0 8764       3       jdk.internal.reflect.ClassFileAssembler::opc_new (16 bytes)
Event: 83.749 Thread 0x000002abf8dfa0d0 nmethod 8764 0x000002abe7d63e90 code [0x000002abe7d640a0, 0x000002abe7d645e8]
Event: 83.749 Thread 0x000002abf8dfa0d0 8766       3       org.codehaus.plexus.interpolation.reflection.ReflectionValueExtractor::evaluate (242 bytes)
Event: 83.751 Thread 0x000002abf8dfa0d0 nmethod 8766 0x000002abe85b9110 code [0x000002abe85b9660, 0x000002abe85bbe98]
Event: 83.751 Thread 0x000002abf8dfa0d0 8765   !   3       org.codehaus.plexus.interpolation.ObjectBasedValueSource::getValue (66 bytes)
Event: 83.752 Thread 0x000002abf8dfa0d0 nmethod 8765 0x000002abe8815590 code [0x000002abe88158a0, 0x000002abe88167e8]
Event: 83.752 Thread 0x000002abf8dfa0d0 8767       3       java.lang.Character::isJavaIdentifierStart (5 bytes)
Event: 83.752 Thread 0x000002abf8dfa0d0 nmethod 8767 0x000002abe80ed790 code [0x000002abe80ed940, 0x000002abe80edb98]
Event: 83.752 Thread 0x000002abf8dfa0d0 8768       3       org.codehaus.plexus.interpolation.reflection.ReflectionValueExtractor$Tokenizer::<init> (10 bytes)
Event: 83.752 Thread 0x000002abf8dfa0d0 nmethod 8768 0x000002abe8182890 code [0x000002abe8182a20, 0x000002abe8182b98]
Event: 83.752 Thread 0x000002abf8dfa0d0 8769       1       org.eclipse.aether.artifact.DefaultArtifact::getArtifactId (5 bytes)
Event: 83.752 Thread 0x000002abf8dfa0d0 nmethod 8769 0x000002abef77ac10 code [0x000002abef77ada0, 0x000002abef77ae78]

GC Heap History (20 events):
Event: 67.241 GC heap before
{Heap before GC invocations=32 (full 3):
 PSYoungGen      total 19456K, used 19456K [0x00000000eab00000, 0x00000000ec480000, 0x0000000100000000)
  eden space 18432K, 100% used [0x00000000eab00000,0x00000000ebd00000,0x00000000ebd00000)
  from space 1024K, 100% used [0x00000000ec080000,0x00000000ec180000,0x00000000ec180000)
  to   space 3584K, 0% used [0x00000000ebd00000,0x00000000ebd00000,0x00000000ec080000)
 ParOldGen       total 68608K, used 36118K [0x00000000c0000000, 0x00000000c4300000, 0x00000000eab00000)
  object space 68608K, 52% used [0x00000000c0000000,0x00000000c2345980,0x00000000c4300000)
 Metaspace       used 60452K, committed 61568K, reserved 1114112K
  class space    used 6550K, committed 7040K, reserved 1048576K
}
Event: 67.244 GC heap after
{Heap after GC invocations=32 (full 3):
 PSYoungGen      total 21504K, used 2785K [0x00000000eab00000, 0x00000000ec300000, 0x0000000100000000)
  eden space 18432K, 0% used [0x00000000eab00000,0x00000000eab00000,0x00000000ebd00000)
  from space 3072K, 90% used [0x00000000ebd00000,0x00000000ebfb87a8,0x00000000ec000000)
  to   space 3072K, 0% used [0x00000000ec000000,0x00000000ec000000,0x00000000ec300000)
 ParOldGen       total 68608K, used 37100K [0x00000000c0000000, 0x00000000c4300000, 0x00000000eab00000)
  object space 68608K, 54% used [0x00000000c0000000,0x00000000c243b3c0,0x00000000c4300000)
 Metaspace       used 60452K, committed 61568K, reserved 1114112K
  class space    used 6550K, committed 7040K, reserved 1048576K
}
Event: 68.654 GC heap before
{Heap before GC invocations=33 (full 3):
 PSYoungGen      total 21504K, used 21216K [0x00000000eab00000, 0x00000000ec300000, 0x0000000100000000)
  eden space 18432K, 99% used [0x00000000eab00000,0x00000000ebcffb78,0x00000000ebd00000)
  from space 3072K, 90% used [0x00000000ebd00000,0x00000000ebfb87a8,0x00000000ec000000)
  to   space 3072K, 0% used [0x00000000ec000000,0x00000000ec000000,0x00000000ec300000)
 ParOldGen       total 68608K, used 37100K [0x00000000c0000000, 0x00000000c4300000, 0x00000000eab00000)
  object space 68608K, 54% used [0x00000000c0000000,0x00000000c243b3c0,0x00000000c4300000)
 Metaspace       used 61463K, committed 62656K, reserved 1114112K
  class space    used 6651K, committed 7168K, reserved 1048576K
}
Event: 68.657 GC heap after
{Heap after GC invocations=33 (full 3):
 PSYoungGen      total 20992K, used 2163K [0x00000000eab00000, 0x00000000ec280000, 0x0000000100000000)
  eden space 18432K, 0% used [0x00000000eab00000,0x00000000eab00000,0x00000000ebd00000)
  from space 2560K, 84% used [0x00000000ec000000,0x00000000ec21cd00,0x00000000ec280000)
  to   space 2560K, 0% used [0x00000000ebd80000,0x00000000ebd80000,0x00000000ec000000)
 ParOldGen       total 68608K, used 39795K [0x00000000c0000000, 0x00000000c4300000, 0x00000000eab00000)
  object space 68608K, 58% used [0x00000000c0000000,0x00000000c26dceb0,0x00000000c4300000)
 Metaspace       used 61463K, committed 62656K, reserved 1114112K
  class space    used 6651K, committed 7168K, reserved 1048576K
}
Event: 68.875 GC heap before
{Heap before GC invocations=34 (full 3):
 PSYoungGen      total 20992K, used 20595K [0x00000000eab00000, 0x00000000ec280000, 0x0000000100000000)
  eden space 18432K, 100% used [0x00000000eab00000,0x00000000ebd00000,0x00000000ebd00000)
  from space 2560K, 84% used [0x00000000ec000000,0x00000000ec21cd00,0x00000000ec280000)
  to   space 2560K, 0% used [0x00000000ebd80000,0x00000000ebd80000,0x00000000ec000000)
 ParOldGen       total 68608K, used 39795K [0x00000000c0000000, 0x00000000c4300000, 0x00000000eab00000)
  object space 68608K, 58% used [0x00000000c0000000,0x00000000c26dceb0,0x00000000c4300000)
 Metaspace       used 61729K, committed 62912K, reserved 1114112K
  class space    used 6677K, committed 7168K, reserved 1048576K
}
Event: 68.878 GC heap after
{Heap after GC invocations=34 (full 3):
 PSYoungGen      total 20992K, used 2084K [0x00000000eab00000, 0x00000000ec200000, 0x0000000100000000)
  eden space 18432K, 0% used [0x00000000eab00000,0x00000000eab00000,0x00000000ebd00000)
  from space 2560K, 81% used [0x00000000ebd80000,0x00000000ebf89138,0x00000000ec000000)
  to   space 2048K, 0% used [0x00000000ec000000,0x00000000ec000000,0x00000000ec200000)
 ParOldGen       total 68608K, used 41761K [0x00000000c0000000, 0x00000000c4300000, 0x00000000eab00000)
  object space 68608K, 60% used [0x00000000c0000000,0x00000000c28c8760,0x00000000c4300000)
 Metaspace       used 61729K, committed 62912K, reserved 1114112K
  class space    used 6677K, committed 7168K, reserved 1048576K
}
Event: 68.977 GC heap before
{Heap before GC invocations=35 (full 3):
 PSYoungGen      total 20992K, used 20516K [0x00000000eab00000, 0x00000000ec200000, 0x0000000100000000)
  eden space 18432K, 100% used [0x00000000eab00000,0x00000000ebd00000,0x00000000ebd00000)
  from space 2560K, 81% used [0x00000000ebd80000,0x00000000ebf89138,0x00000000ec000000)
  to   space 2048K, 0% used [0x00000000ec000000,0x00000000ec000000,0x00000000ec200000)
 ParOldGen       total 68608K, used 41761K [0x00000000c0000000, 0x00000000c4300000, 0x00000000eab00000)
  object space 68608K, 60% used [0x00000000c0000000,0x00000000c28c8760,0x00000000c4300000)
 Metaspace       used 61874K, committed 63040K, reserved 1114112K
  class space    used 6691K, committed 7168K, reserved 1048576K
}
Event: 68.981 GC heap after
{Heap after GC invocations=35 (full 3):
 PSYoungGen      total 18944K, used 2032K [0x00000000eab00000, 0x00000000ec600000, 0x0000000100000000)
  eden space 16896K, 0% used [0x00000000eab00000,0x00000000eab00000,0x00000000ebb80000)
  from space 2048K, 99% used [0x00000000ec000000,0x00000000ec1fc020,0x00000000ec200000)
  to   space 4608K, 0% used [0x00000000ebb80000,0x00000000ebb80000,0x00000000ec000000)
 ParOldGen       total 68608K, used 43828K [0x00000000c0000000, 0x00000000c4300000, 0x00000000eab00000)
  object space 68608K, 63% used [0x00000000c0000000,0x00000000c2acd158,0x00000000c4300000)
 Metaspace       used 61874K, committed 63040K, reserved 1114112K
  class space    used 6691K, committed 7168K, reserved 1048576K
}
Event: 69.130 GC heap before
{Heap before GC invocations=36 (full 3):
 PSYoungGen      total 18944K, used 18928K [0x00000000eab00000, 0x00000000ec600000, 0x0000000100000000)
  eden space 16896K, 100% used [0x00000000eab00000,0x00000000ebb80000,0x00000000ebb80000)
  from space 2048K, 99% used [0x00000000ec000000,0x00000000ec1fc020,0x00000000ec200000)
  to   space 4608K, 0% used [0x00000000ebb80000,0x00000000ebb80000,0x00000000ec000000)
 ParOldGen       total 68608K, used 43828K [0x00000000c0000000, 0x00000000c4300000, 0x00000000eab00000)
  object space 68608K, 63% used [0x00000000c0000000,0x00000000c2acd158,0x00000000c4300000)
 Metaspace       used 61874K, committed 63040K, reserved 1114112K
  class space    used 6691K, committed 7168K, reserved 1048576K
}
Event: 69.137 GC heap after
{Heap after GC invocations=36 (full 3):
 PSYoungGen      total 18432K, used 1440K [0x00000000eab00000, 0x00000000ec080000, 0x0000000100000000)
  eden space 16896K, 0% used [0x00000000eab00000,0x00000000eab00000,0x00000000ebb80000)
  from space 1536K, 93% used [0x00000000ebb80000,0x00000000ebce8000,0x00000000ebd00000)
  to   space 2560K, 0% used [0x00000000ebe00000,0x00000000ebe00000,0x00000000ec080000)
 ParOldGen       total 68608K, used 45878K [0x00000000c0000000, 0x00000000c4300000, 0x00000000eab00000)
  object space 68608K, 66% used [0x00000000c0000000,0x00000000c2ccd950,0x00000000c4300000)
 Metaspace       used 61874K, committed 63040K, reserved 1114112K
  class space    used 6691K, committed 7168K, reserved 1048576K
}
Event: 72.413 GC heap before
{Heap before GC invocations=37 (full 3):
 PSYoungGen      total 18432K, used 18336K [0x00000000eab00000, 0x00000000ec080000, 0x0000000100000000)
  eden space 16896K, 100% used [0x00000000eab00000,0x00000000ebb80000,0x00000000ebb80000)
  from space 1536K, 93% used [0x00000000ebb80000,0x00000000ebce8000,0x00000000ebd00000)
  to   space 2560K, 0% used [0x00000000ebe00000,0x00000000ebe00000,0x00000000ec080000)
 ParOldGen       total 68608K, used 45878K [0x00000000c0000000, 0x00000000c4300000, 0x00000000eab00000)
  object space 68608K, 66% used [0x00000000c0000000,0x00000000c2ccd950,0x00000000c4300000)
 Metaspace       used 63282K, committed 64448K, reserved 1114112K
  class space    used 6830K, committed 7360K, reserved 1048576K
}
Event: 72.415 GC heap after
{Heap after GC invocations=37 (full 3):
 PSYoungGen      total 18432K, used 1126K [0x00000000eab00000, 0x00000000ebf80000, 0x0000000100000000)
  eden space 16896K, 0% used [0x00000000eab00000,0x00000000eab00000,0x00000000ebb80000)
  from space 1536K, 73% used [0x00000000ebe00000,0x00000000ebf19a88,0x00000000ebf80000)
  to   space 1536K, 0% used [0x00000000ebb80000,0x00000000ebb80000,0x00000000ebd00000)
 ParOldGen       total 68608K, used 47230K [0x00000000c0000000, 0x00000000c4300000, 0x00000000eab00000)
  object space 68608K, 68% used [0x00000000c0000000,0x00000000c2e1f950,0x00000000c4300000)
 Metaspace       used 63282K, committed 64448K, reserved 1114112K
  class space    used 6830K, committed 7360K, reserved 1048576K
}
Event: 77.969 GC heap before
{Heap before GC invocations=38 (full 3):
 PSYoungGen      total 18432K, used 18022K [0x00000000eab00000, 0x00000000ebf80000, 0x0000000100000000)
  eden space 16896K, 100% used [0x00000000eab00000,0x00000000ebb80000,0x00000000ebb80000)
  from space 1536K, 73% used [0x00000000ebe00000,0x00000000ebf19a88,0x00000000ebf80000)
  to   space 1536K, 0% used [0x00000000ebb80000,0x00000000ebb80000,0x00000000ebd00000)
 ParOldGen       total 68608K, used 47230K [0x00000000c0000000, 0x00000000c4300000, 0x00000000eab00000)
  object space 68608K, 68% used [0x00000000c0000000,0x00000000c2e1f950,0x00000000c4300000)
 Metaspace       used 63848K, committed 65024K, reserved 1114112K
  class space    used 6896K, committed 7360K, reserved 1048576K
}
Event: 77.972 GC heap after
{Heap after GC invocations=38 (full 3):
 PSYoungGen      total 18432K, used 1521K [0x00000000eab00000, 0x00000000ec280000, 0x0000000100000000)
  eden space 16896K, 0% used [0x00000000eab00000,0x00000000eab00000,0x00000000ebb80000)
  from space 1536K, 99% used [0x00000000ebb80000,0x00000000ebcfc4b0,0x00000000ebd00000)
  to   space 3584K, 0% used [0x00000000ebf00000,0x00000000ebf00000,0x00000000ec280000)
 ParOldGen       total 68608K, used 48524K [0x00000000c0000000, 0x00000000c4300000, 0x00000000eab00000)
  object space 68608K, 70% used [0x00000000c0000000,0x00000000c2f63020,0x00000000c4300000)
 Metaspace       used 63848K, committed 65024K, reserved 1114112K
  class space    used 6896K, committed 7360K, reserved 1048576K
}
Event: 78.799 GC heap before
{Heap before GC invocations=39 (full 3):
 PSYoungGen      total 18432K, used 18417K [0x00000000eab00000, 0x00000000ec280000, 0x0000000100000000)
  eden space 16896K, 100% used [0x00000000eab00000,0x00000000ebb80000,0x00000000ebb80000)
  from space 1536K, 99% used [0x00000000ebb80000,0x00000000ebcfc4b0,0x00000000ebd00000)
  to   space 3584K, 0% used [0x00000000ebf00000,0x00000000ebf00000,0x00000000ec280000)
 ParOldGen       total 68608K, used 48524K [0x00000000c0000000, 0x00000000c4300000, 0x00000000eab00000)
  object space 68608K, 70% used [0x00000000c0000000,0x00000000c2f63020,0x00000000c4300000)
 Metaspace       used 63881K, committed 65024K, reserved 1114112K
  class space    used 6898K, committed 7360K, reserved 1048576K
}
Event: 78.802 GC heap after
{Heap after GC invocations=39 (full 3):
 PSYoungGen      total 18944K, used 1748K [0x00000000eab00000, 0x00000000ec100000, 0x0000000100000000)
  eden space 16896K, 0% used [0x00000000eab00000,0x00000000eab00000,0x00000000ebb80000)
  from space 2048K, 85% used [0x00000000ebf00000,0x00000000ec0b5030,0x00000000ec100000)
  to   space 2560K, 0% used [0x00000000ebc00000,0x00000000ebc00000,0x00000000ebe80000)
 ParOldGen       total 68608K, used 49998K [0x00000000c0000000, 0x00000000c4300000, 0x00000000eab00000)
  object space 68608K, 72% used [0x00000000c0000000,0x00000000c30d3b60,0x00000000c4300000)
 Metaspace       used 63881K, committed 65024K, reserved 1114112K
  class space    used 6898K, committed 7360K, reserved 1048576K
}
Event: 79.195 GC heap before
{Heap before GC invocations=40 (full 3):
 PSYoungGen      total 18944K, used 18644K [0x00000000eab00000, 0x00000000ec100000, 0x0000000100000000)
  eden space 16896K, 100% used [0x00000000eab00000,0x00000000ebb80000,0x00000000ebb80000)
  from space 2048K, 85% used [0x00000000ebf00000,0x00000000ec0b5030,0x00000000ec100000)
  to   space 2560K, 0% used [0x00000000ebc00000,0x00000000ebc00000,0x00000000ebe80000)
 ParOldGen       total 68608K, used 49998K [0x00000000c0000000, 0x00000000c4300000, 0x00000000eab00000)
  object space 68608K, 72% used [0x00000000c0000000,0x00000000c30d3b60,0x00000000c4300000)
 Metaspace       used 64460K, committed 65600K, reserved 1114112K
  class space    used 6951K, committed 7424K, reserved 1048576K
}
Event: 79.198 GC heap after
{Heap after GC invocations=40 (full 3):
 PSYoungGen      total 18944K, used 1696K [0x00000000eab00000, 0x00000000ebf80000, 0x0000000100000000)
  eden space 16896K, 0% used [0x00000000eab00000,0x00000000eab00000,0x00000000ebb80000)
  from space 2048K, 82% used [0x00000000ebc00000,0x00000000ebda8000,0x00000000ebe00000)
  to   space 1536K, 0% used [0x00000000ebe00000,0x00000000ebe00000,0x00000000ebf80000)
 ParOldGen       total 68608K, used 51611K [0x00000000c0000000, 0x00000000c4300000, 0x00000000eab00000)
  object space 68608K, 75% used [0x00000000c0000000,0x00000000c3266dd8,0x00000000c4300000)
 Metaspace       used 64460K, committed 65600K, reserved 1114112K
  class space    used 6951K, committed 7424K, reserved 1048576K
}
Event: 83.521 GC heap before
{Heap before GC invocations=41 (full 3):
 PSYoungGen      total 18944K, used 18592K [0x00000000eab00000, 0x00000000ebf80000, 0x0000000100000000)
  eden space 16896K, 100% used [0x00000000eab00000,0x00000000ebb80000,0x00000000ebb80000)
  from space 2048K, 82% used [0x00000000ebc00000,0x00000000ebda8000,0x00000000ebe00000)
  to   space 1536K, 0% used [0x00000000ebe00000,0x00000000ebe00000,0x00000000ebf80000)
 ParOldGen       total 68608K, used 51611K [0x00000000c0000000, 0x00000000c4300000, 0x00000000eab00000)
  object space 68608K, 75% used [0x00000000c0000000,0x00000000c3266dd8,0x00000000c4300000)
 Metaspace       used 64892K, committed 66112K, reserved 1114112K
  class space    used 6988K, committed 7488K, reserved 1048576K
}
Event: 83.525 GC heap after
{Heap after GC invocations=41 (full 3):
 PSYoungGen      total 18432K, used 1520K [0x00000000eab00000, 0x00000000ebf80000, 0x0000000100000000)
  eden space 16896K, 0% used [0x00000000eab00000,0x00000000eab00000,0x00000000ebb80000)
  from space 1536K, 98% used [0x00000000ebe00000,0x00000000ebf7c008,0x00000000ebf80000)
  to   space 2048K, 0% used [0x00000000ebc00000,0x00000000ebc00000,0x00000000ebe00000)
 ParOldGen       total 68608K, used 54620K [0x00000000c0000000, 0x00000000c4300000, 0x00000000eab00000)
  object space 68608K, 79% used [0x00000000c0000000,0x00000000c3557288,0x00000000c4300000)
 Metaspace       used 64892K, committed 66112K, reserved 1114112K
  class space    used 6988K, committed 7488K, reserved 1048576K
}

Dll operation events (12 events):
Event: 0.101 Loaded shared library c:\Users\Baptiste\.vscode\extensions\redhat.java-1.36.0-win32-x64\jre\17.0.13-win32-x86_64\bin\java.dll
Event: 0.743 Loaded shared library c:\Users\Baptiste\.vscode\extensions\redhat.java-1.36.0-win32-x64\jre\17.0.13-win32-x86_64\bin\zip.dll
Event: 0.782 Loaded shared library C:\Users\Baptiste\.vscode\extensions\redhat.java-1.36.0-win32-x64\jre\17.0.13-win32-x86_64\bin\instrument.dll
Event: 0.811 Loaded shared library C:\Users\Baptiste\.vscode\extensions\redhat.java-1.36.0-win32-x64\jre\17.0.13-win32-x86_64\bin\net.dll
Event: 0.813 Loaded shared library C:\Users\Baptiste\.vscode\extensions\redhat.java-1.36.0-win32-x64\jre\17.0.13-win32-x86_64\bin\nio.dll
Event: 0.820 Loaded shared library C:\Users\Baptiste\.vscode\extensions\redhat.java-1.36.0-win32-x64\jre\17.0.13-win32-x86_64\bin\zip.dll
Event: 0.943 Loaded shared library C:\Users\Baptiste\.vscode\extensions\redhat.java-1.36.0-win32-x64\jre\17.0.13-win32-x86_64\bin\jimage.dll
Event: 1.141 Loaded shared library c:\Users\Baptiste\.vscode\extensions\redhat.java-1.36.0-win32-x64\jre\17.0.13-win32-x86_64\bin\verify.dll
Event: 16.412 Loaded shared library C:\Users\Baptiste\AppData\Roaming\Code\User\globalStorage\redhat.java\1.36.0\config_win\org.eclipse.equinox.launcher\org.eclipse.equinox.launcher.win32.win32.x86_64_1.2.1100.v20240722-2106\eclipse_11904.dll
Event: 32.327 Loaded shared library C:\Users\Baptiste\AppData\Local\Temp\jna--1728255426\jna17521113566216499344.dll
Event: 39.685 Loaded shared library C:\Users\Baptiste\.vscode\extensions\redhat.java-1.36.0-win32-x64\jre\17.0.13-win32-x86_64\bin\sunmscapi.dll
Event: 39.802 Loaded shared library C:\Users\Baptiste\.vscode\extensions\redhat.java-1.36.0-win32-x64\jre\17.0.13-win32-x86_64\bin\extnet.dll

Deoptimization events (20 events):
Event: 80.109 Thread 0x000002abff165da0 Uncommon trap: trap_request=0xffffff45 fr.pc=0x000002abef902a80 relative=0x0000000000000200
Event: 80.109 Thread 0x000002abff165da0 Uncommon trap: reason=unstable_if action=reinterpret pc=0x000002abef902a80 method=java.lang.String.decodeASCII([BI[CII)I @ 7 c2
Event: 80.109 Thread 0x000002abff165da0 DEOPT PACKING pc=0x000002abef902a80 sp=0x000000d057efcb50
Event: 80.109 Thread 0x000002abff165da0 DEOPT UNPACKING pc=0x000002abef1a66a3 sp=0x000000d057efcb00 mode 2
Event: 80.112 Thread 0x000002abff165da0 Uncommon trap: trap_request=0xffffff45 fr.pc=0x000002abef884ab8 relative=0x00000000000008b8
Event: 80.112 Thread 0x000002abff165da0 Uncommon trap: reason=unstable_if action=reinterpret pc=0x000002abef884ab8 method=java.lang.String.indexOf(Ljava/lang/String;)I @ 10 c2
Event: 80.112 Thread 0x000002abff165da0 DEOPT PACKING pc=0x000002abef884ab8 sp=0x000000d057efd450
Event: 80.112 Thread 0x000002abff165da0 DEOPT UNPACKING pc=0x000002abef1a66a3 sp=0x000000d057efd2c8 mode 2
Event: 80.303 Thread 0x000002abff165da0 Uncommon trap: trap_request=0xffffff45 fr.pc=0x000002abefb2241c relative=0x000000000000009c
Event: 80.303 Thread 0x000002abff165da0 Uncommon trap: reason=unstable_if action=reinterpret pc=0x000002abefb2241c method=java.lang.CharacterDataLatin1.digit(II)I @ 12 c2
Event: 80.303 Thread 0x000002abff165da0 DEOPT PACKING pc=0x000002abefb2241c sp=0x000000d057efd0d0
Event: 80.303 Thread 0x000002abff165da0 DEOPT UNPACKING pc=0x000002abef1a66a3 sp=0x000000d057efd048 mode 2
Event: 83.529 Thread 0x000002abff165da0 Uncommon trap: trap_request=0xffffff45 fr.pc=0x000002abefb8dbfc relative=0x00000000000000fc
Event: 83.529 Thread 0x000002abff165da0 Uncommon trap: reason=unstable_if action=reinterpret pc=0x000002abefb8dbfc method=java.lang.ThreadLocal$ThreadLocalMap.getEntryAfterMiss(Ljava/lang/ThreadLocal;ILjava/lang/ThreadLocal$ThreadLocalMap$Entry;)Ljava/lang/ThreadLocal$ThreadLocalMap$Entry; @ 30
Event: 83.529 Thread 0x000002abff165da0 DEOPT PACKING pc=0x000002abefb8dbfc sp=0x000000d057efcfe0
Event: 83.529 Thread 0x000002abff165da0 DEOPT UNPACKING pc=0x000002abef1a66a3 sp=0x000000d057efcf60 mode 2
Event: 83.572 Thread 0x000002abfe726a80 Uncommon trap: trap_request=0xfffffff4 fr.pc=0x000002abefab86d0 relative=0x0000000000006010
Event: 83.572 Thread 0x000002abfe726a80 Uncommon trap: reason=null_check action=make_not_entrant pc=0x000002abefab86d0 method=org.eclipse.jdt.internal.core.search.indexing.BinaryIndexer.indexDocument()V @ 964 c2
Event: 83.572 Thread 0x000002abfe726a80 DEOPT PACKING pc=0x000002abefab86d0 sp=0x000000d056cfe7c0
Event: 83.572 Thread 0x000002abfe726a80 DEOPT UNPACKING pc=0x000002abef1a66a3 sp=0x000000d056cfe720 mode 2

Classes loaded (20 events):
Event: 68.588 Loading class java/util/concurrent/CompletableFuture$UniApply
Event: 68.588 Loading class java/util/concurrent/CompletableFuture$UniCompletion
Event: 68.588 Loading class java/util/concurrent/CompletableFuture$UniCompletion done
Event: 68.588 Loading class java/util/concurrent/CompletableFuture$UniApply done
Event: 68.589 Loading class java/util/concurrent/ForkJoinPool$DefaultCommonPoolForkJoinWorkerThreadFactory$1
Event: 68.630 Loading class java/util/Hashtable$KeySet
Event: 68.630 Loading class java/util/Hashtable$KeySet done
Event: 68.642 Loading class java/util/concurrent/ForkJoinPool$DefaultCommonPoolForkJoinWorkerThreadFactory$1 done
Event: 68.659 Loading class java/util/concurrent/CompletableFuture$UniAccept
Event: 68.659 Loading class java/util/concurrent/CompletableFuture$UniAccept done
Event: 68.660 Loading class java/util/concurrent/CompletableFuture$UniExceptionally
Event: 68.660 Loading class java/util/concurrent/CompletableFuture$UniExceptionally done
Event: 68.806 Loading class java/util/HashMap$ValueSpliterator
Event: 68.807 Loading class java/util/HashMap$ValueSpliterator done
Event: 72.540 Loading class java/util/concurrent/ForkJoinTask$AdaptedCallable
Event: 72.540 Loading class java/util/concurrent/ForkJoinTask$AdaptedCallable done
Event: 72.540 Loading class java/util/concurrent/ForkJoinPool$DefaultForkJoinWorkerThreadFactory$1
Event: 72.540 Loading class java/util/concurrent/ForkJoinPool$DefaultForkJoinWorkerThreadFactory$1 done
Event: 72.540 Loading class java/util/concurrent/CountedCompleter
Event: 72.540 Loading class java/util/concurrent/CountedCompleter done

Classes unloaded (7 events):
Event: 34.958 Thread 0x000002abf8dac8f0 Unloading class 0x0000000100258000 'java/lang/invoke/LambdaForm$MH+0x0000000100258000'
Event: 34.958 Thread 0x000002abf8dac8f0 Unloading class 0x0000000100253c00 'java/lang/invoke/LambdaForm$MH+0x0000000100253c00'
Event: 34.958 Thread 0x000002abf8dac8f0 Unloading class 0x0000000100253800 'java/lang/invoke/LambdaForm$MH+0x0000000100253800'
Event: 34.958 Thread 0x000002abf8dac8f0 Unloading class 0x0000000100253400 'java/lang/invoke/LambdaForm$MH+0x0000000100253400'
Event: 34.958 Thread 0x000002abf8dac8f0 Unloading class 0x0000000100253000 'java/lang/invoke/LambdaForm$BMH+0x0000000100253000'
Event: 34.958 Thread 0x000002abf8dac8f0 Unloading class 0x0000000100252c00 'java/lang/invoke/LambdaForm$DMH+0x0000000100252c00'
Event: 34.958 Thread 0x000002abf8dac8f0 Unloading class 0x0000000100250400 'java/lang/invoke/LambdaForm$DMH+0x0000000100250400'

Classes redefined (0 events):
No events

Internal exceptions (20 events):
Event: 78.833 Thread 0x000002abff165da0 Exception <a 'sun/nio/fs/WindowsException'{0x00000000eb0bef68}> (0x00000000eb0bef68) 
thrown [s\src\hotspot\share\prims\jni.cpp, line 516]
Event: 78.834 Thread 0x000002abff165da0 Exception <a 'sun/nio/fs/WindowsException'{0x00000000eb0c0d20}> (0x00000000eb0c0d20) 
thrown [s\src\hotspot\share\prims\jni.cpp, line 516]
Event: 78.834 Thread 0x000002abff165da0 Exception <a 'sun/nio/fs/WindowsException'{0x00000000eb0c1850}> (0x00000000eb0c1850) 
thrown [s\src\hotspot\share\prims\jni.cpp, line 516]
Event: 78.899 Thread 0x000002abff16a480 Exception <a 'sun/nio/fs/WindowsException'{0x00000000eb296860}> (0x00000000eb296860) 
thrown [s\src\hotspot\share\prims\jni.cpp, line 516]
Event: 78.899 Thread 0x000002abff16a480 Exception <a 'sun/nio/fs/WindowsException'{0x00000000eb2970e8}> (0x00000000eb2970e8) 
thrown [s\src\hotspot\share\prims\jni.cpp, line 516]
Event: 78.900 Thread 0x000002abff16a480 Exception <a 'sun/nio/fs/WindowsException'{0x00000000eb298150}> (0x00000000eb298150) 
thrown [s\src\hotspot\share\prims\jni.cpp, line 516]
Event: 78.900 Thread 0x000002abff16a480 Exception <a 'sun/nio/fs/WindowsException'{0x00000000eb2989d8}> (0x00000000eb2989d8) 
thrown [s\src\hotspot\share\prims\jni.cpp, line 516]
Event: 78.936 Thread 0x000002abff16a480 Exception <a 'sun/nio/fs/WindowsException'{0x00000000eb2b1a10}> (0x00000000eb2b1a10) 
thrown [s\src\hotspot\share\prims\jni.cpp, line 516]
Event: 78.936 Thread 0x000002abff16a480 Exception <a 'sun/nio/fs/WindowsException'{0x00000000eb2b2298}> (0x00000000eb2b2298) 
thrown [s\src\hotspot\share\prims\jni.cpp, line 516]
Event: 78.942 Thread 0x000002abff16a480 Exception <a 'sun/nio/fs/WindowsException'{0x00000000eb2d0510}> (0x00000000eb2d0510) 
thrown [s\src\hotspot\share\prims\jni.cpp, line 516]
Event: 78.942 Thread 0x000002abff16a480 Exception <a 'sun/nio/fs/WindowsException'{0x00000000eb2d1040}> (0x00000000eb2d1040) 
thrown [s\src\hotspot\share\prims\jni.cpp, line 516]
Event: 78.971 Thread 0x000002abff16a480 Exception <a 'sun/nio/fs/WindowsException'{0x00000000eb6b4d28}> (0x00000000eb6b4d28) 
thrown [s\src\hotspot\share\prims\jni.cpp, line 516]
Event: 78.971 Thread 0x000002abff16a480 Exception <a 'sun/nio/fs/WindowsException'{0x00000000eb6b55b0}> (0x00000000eb6b55b0) 
thrown [s\src\hotspot\share\prims\jni.cpp, line 516]
Event: 78.972 Thread 0x000002abff16a480 Exception <a 'sun/nio/fs/WindowsException'{0x00000000eb6b6960}> (0x00000000eb6b6960) 
thrown [s\src\hotspot\share\prims\jni.cpp, line 516]
Event: 78.972 Thread 0x000002abff16a480 Exception <a 'sun/nio/fs/WindowsException'{0x00000000eb6b71e8}> (0x00000000eb6b71e8) 
thrown [s\src\hotspot\share\prims\jni.cpp, line 516]
Event: 78.973 Thread 0x000002abff16a480 Exception <a 'sun/nio/fs/WindowsException'{0x00000000eb6b8cd8}> (0x00000000eb6b8cd8) 
thrown [s\src\hotspot\share\prims\jni.cpp, line 516]
Event: 78.973 Thread 0x000002abff16a480 Exception <a 'sun/nio/fs/WindowsException'{0x00000000eb6b9560}> (0x00000000eb6b9560) 
thrown [s\src\hotspot\share\prims\jni.cpp, line 516]
Event: 78.976 Thread 0x000002abff16a480 Exception <a 'sun/nio/fs/WindowsException'{0x00000000eb6d3438}> (0x00000000eb6d3438) 
thrown [s\src\hotspot\share\prims\jni.cpp, line 516]
Event: 78.976 Thread 0x000002abff16a480 Exception <a 'sun/nio/fs/WindowsException'{0x00000000eb6d3f68}> (0x00000000eb6d3f68) 
thrown [s\src\hotspot\share\prims\jni.cpp, line 516]
Event: 83.572 Thread 0x000002abfe726a80 Implicit null exception at 0x000002abefab5240 to 0x000002abefab86c0

VM Operations (20 events):
Event: 77.937 Executing VM operation: ParallelGCFailedAllocation
Event: 77.972 Executing VM operation: ParallelGCFailedAllocation done
Event: 78.119 Executing VM operation: ParallelGCFailedAllocation
Event: 78.802 Executing VM operation: ParallelGCFailedAllocation done
Event: 78.837 Executing VM operation: HandshakeAllThreads
Event: 78.850 Executing VM operation: HandshakeAllThreads done
Event: 78.854 Executing VM operation: HandshakeAllThreads
Event: 78.863 Executing VM operation: HandshakeAllThreads done
Event: 78.949 Executing VM operation: HandshakeAllThreads
Event: 79.079 Executing VM operation: HandshakeAllThreads done
Event: 79.091 Executing VM operation: HandshakeAllThreads
Event: 79.094 Executing VM operation: HandshakeAllThreads done
Event: 79.104 Executing VM operation: HandshakeAllThreads
Event: 79.105 Executing VM operation: HandshakeAllThreads done
Event: 79.170 Executing VM operation: ICBufferFull
Event: 79.171 Executing VM operation: ICBufferFull done
Event: 79.195 Executing VM operation: ParallelGCFailedAllocation
Event: 79.198 Executing VM operation: ParallelGCFailedAllocation done
Event: 80.573 Executing VM operation: ParallelGCFailedAllocation
Event: 83.525 Executing VM operation: ParallelGCFailedAllocation done

Memory protections (0 events):
No events

Nmethod flushes (20 events):
Event: 79.113 Thread 0x000002abf8dfc970 flushing  nmethod 0x000002abe89b0d90
Event: 79.113 Thread 0x000002abf8dfc970 flushing  nmethod 0x000002abe89b2210
Event: 79.113 Thread 0x000002abf8dfc970 flushing  nmethod 0x000002abe89bbb10
Event: 79.113 Thread 0x000002abf8dfc970 flushing osr nmethod 0x000002abe89bf390
Event: 79.113 Thread 0x000002abf8dfc970 flushing  nmethod 0x000002abe89c1f90
Event: 79.113 Thread 0x000002abf8dfc970 flushing  nmethod 0x000002abe89c2f90
Event: 79.113 Thread 0x000002abf8dfc970 flushing  nmethod 0x000002abe89cc390
Event: 79.113 Thread 0x000002abf8dfc970 flushing  nmethod 0x000002abe89ce410
Event: 79.113 Thread 0x000002abf8dfc970 flushing  nmethod 0x000002abe89e2e90
Event: 79.113 Thread 0x000002abf8dfc970 flushing  nmethod 0x000002abe89e3490
Event: 79.113 Thread 0x000002abf8dfc970 flushing  nmethod 0x000002abe8a44110
Event: 79.114 Thread 0x000002abf8dfc970 flushing  nmethod 0x000002abe8a84b90
Event: 79.114 Thread 0x000002abf8dfc970 flushing  nmethod 0x000002abe8aa1910
Event: 79.114 Thread 0x000002abf8dfc970 flushing  nmethod 0x000002abe8aa4f90
Event: 79.114 Thread 0x000002abf8dfc970 flushing  nmethod 0x000002abe8ad1510
Event: 79.114 Thread 0x000002abf8dfc970 flushing  nmethod 0x000002abe8af2e90
Event: 79.114 Thread 0x000002abf8dfc970 flushing  nmethod 0x000002abe8af3390
Event: 79.114 Thread 0x000002abf8dfc970 flushing  nmethod 0x000002abe8b08310
Event: 79.114 Thread 0x000002abf8dfc970 flushing osr nmethod 0x000002abe8b15490
Event: 79.114 Thread 0x000002abf8dfc970 flushing  nmethod 0x000002abe8b4df90

Events (20 events):
Event: 38.251 Thread 0x000002abe4f69b20 Thread added: 0x000002abff16aea0
Event: 38.640 Thread 0x000002abfe729810 Thread exited: 0x000002abfe729810
Event: 38.938 Thread 0x000002abff16a480 Thread added: 0x000002abff165890
Event: 41.036 Thread 0x000002abff16a990 Thread added: 0x000002abff169550
Event: 41.085 Thread 0x000002abff169550 Thread exited: 0x000002abff169550
Event: 41.351 Thread 0x000002abff16a990 Thread added: 0x000002abff166cd0
Event: 41.455 Thread 0x000002abf8dfa0d0 Thread added: 0x000002ab807c6fc0
Event: 41.683 Thread 0x000002ab807c6fc0 Thread exited: 0x000002ab807c6fc0
Event: 42.102 Thread 0x000002abf8df86e0 Thread added: 0x000002ab807c6fc0
Event: 42.456 Thread 0x000002ab807c6fc0 Thread exited: 0x000002ab807c6fc0
Event: 47.637 Thread 0x000002abff166cd0 Thread exited: 0x000002abff166cd0
Event: 62.106 Thread 0x000002abf8dfa0d0 Thread added: 0x000002ab80f0c010
Event: 65.690 Thread 0x000002ab80f0c010 Thread exited: 0x000002ab80f0c010
Event: 68.659 Thread 0x000002abff16aea0 Thread added: 0x000002abff16b8c0
Event: 68.805 Thread 0x000002abff16b8c0 Thread added: 0x000002abff168110
Event: 68.846 Thread 0x000002abff168110 Thread added: 0x000002abff165da0
Event: 72.540 Thread 0x000002abff16a990 Thread added: 0x000002abff164450
Event: 72.581 Thread 0x000002abff164450 Thread added: 0x000002abff168620
Event: 72.698 Thread 0x000002abff16a480 Thread added: 0x000002abff166cd0
Event: 77.740 Thread 0x000002abff166cd0 Thread exited: 0x000002abff166cd0


Dynamic libraries:
0x00007ff69f220000 - 0x00007ff69f22e000 	c:\Users\Baptiste\.vscode\extensions\redhat.java-1.36.0-win32-x64\jre\17.0.13-win32-x86_64\bin\java.exe
0x00007ffe9c8f0000 - 0x00007ffe9cae8000 	C:\WINDOWS\SYSTEM32\ntdll.dll
0x00007ffe9b270000 - 0x00007ffe9b332000 	C:\WINDOWS\System32\KERNEL32.DLL
0x00007ffe9a320000 - 0x00007ffe9a61e000 	C:\WINDOWS\System32\KERNELBASE.dll
0x00007ffe9a650000 - 0x00007ffe9a750000 	C:\WINDOWS\System32\ucrtbase.dll
0x00007ffe83780000 - 0x00007ffe83797000 	c:\Users\Baptiste\.vscode\extensions\redhat.java-1.36.0-win32-x64\jre\17.0.13-win32-x86_64\bin\jli.dll
0x00007ffe9c1f0000 - 0x00007ffe9c38d000 	C:\WINDOWS\System32\USER32.dll
0x00007ffe9a620000 - 0x00007ffe9a642000 	C:\WINDOWS\System32\win32u.dll
0x00007ffe9c760000 - 0x00007ffe9c78b000 	C:\WINDOWS\System32\GDI32.dll
0x00007ffe9a200000 - 0x00007ffe9a317000 	C:\WINDOWS\System32\gdi32full.dll
0x00007ffe9a800000 - 0x00007ffe9a89d000 	C:\WINDOWS\System32\msvcp_win.dll
0x00007ffe83760000 - 0x00007ffe8377e000 	c:\Users\Baptiste\.vscode\extensions\redhat.java-1.36.0-win32-x64\jre\17.0.13-win32-x86_64\bin\VCRUNTIME140.dll
0x00007ffe838f0000 - 0x00007ffe83b8a000 	C:\WINDOWS\WinSxS\amd64_microsoft.windows.common-controls_6595b64144ccf1df_6.0.19041.4355_none_60b8b9eb71f62e16\COMCTL32.dll
0x00007ffe9c150000 - 0x00007ffe9c1ee000 	C:\WINDOWS\System32\msvcrt.dll
0x00007ffe9b140000 - 0x00007ffe9b16f000 	C:\WINDOWS\System32\IMM32.DLL
0x00007ffe83750000 - 0x00007ffe8375c000 	c:\Users\Baptiste\.vscode\extensions\redhat.java-1.36.0-win32-x64\jre\17.0.13-win32-x86_64\bin\vcruntime140_1.dll
0x00007ffe836c0000 - 0x00007ffe8374d000 	c:\Users\Baptiste\.vscode\extensions\redhat.java-1.36.0-win32-x64\jre\17.0.13-win32-x86_64\bin\msvcp140.dll
0x00007ffe202d0000 - 0x00007ffe20f3b000 	c:\Users\Baptiste\.vscode\extensions\redhat.java-1.36.0-win32-x64\jre\17.0.13-win32-x86_64\bin\server\jvm.dll
0x00007ffe9b730000 - 0x00007ffe9b7e2000 	C:\WINDOWS\System32\ADVAPI32.dll
0x00007ffe9b0a0000 - 0x00007ffe9b140000 	C:\WINDOWS\System32\sechost.dll
0x00007ffe9c520000 - 0x00007ffe9c643000 	C:\WINDOWS\System32\RPCRT4.dll
0x00007ffe99fe0000 - 0x00007ffe9a007000 	C:\WINDOWS\System32\bcrypt.dll
0x00007ffe9b7f0000 - 0x00007ffe9b85b000 	C:\WINDOWS\System32\WS2_32.dll
0x00007ffe99520000 - 0x00007ffe9956b000 	C:\WINDOWS\SYSTEM32\POWRPROF.dll
0x00007ffe94b00000 - 0x00007ffe94b27000 	C:\WINDOWS\SYSTEM32\WINMM.dll
0x00007ffe95030000 - 0x00007ffe9503a000 	C:\WINDOWS\SYSTEM32\VERSION.dll
0x00007ffe99390000 - 0x00007ffe993a2000 	C:\WINDOWS\SYSTEM32\UMPDC.dll
0x00007ffe97e30000 - 0x00007ffe97e42000 	C:\WINDOWS\SYSTEM32\kernel.appcore.dll
0x00007ffe836b0000 - 0x00007ffe836ba000 	c:\Users\Baptiste\.vscode\extensions\redhat.java-1.36.0-win32-x64\jre\17.0.13-win32-x86_64\bin\jimage.dll
0x00007ffe84af0000 - 0x00007ffe84cd4000 	C:\WINDOWS\SYSTEM32\DBGHELP.DLL
0x00007ffe84ab0000 - 0x00007ffe84ae4000 	C:\WINDOWS\SYSTEM32\dbgcore.DLL
0x00007ffe9a010000 - 0x00007ffe9a092000 	C:\WINDOWS\System32\bcryptPrimitives.dll
0x00007ffe836a0000 - 0x00007ffe836ae000 	c:\Users\Baptiste\.vscode\extensions\redhat.java-1.36.0-win32-x64\jre\17.0.13-win32-x86_64\bin\instrument.dll
0x00007ffe6a4b0000 - 0x00007ffe6a4d5000 	c:\Users\Baptiste\.vscode\extensions\redhat.java-1.36.0-win32-x64\jre\17.0.13-win32-x86_64\bin\java.dll
0x00007ffe6ab60000 - 0x00007ffe6ab78000 	c:\Users\Baptiste\.vscode\extensions\redhat.java-1.36.0-win32-x64\jre\17.0.13-win32-x86_64\bin\zip.dll
0x00007ffe9a930000 - 0x00007ffe9b09f000 	C:\WINDOWS\System32\SHELL32.dll
0x00007ffe98030000 - 0x00007ffe987d4000 	C:\WINDOWS\SYSTEM32\windows.storage.dll
0x00007ffe9bde0000 - 0x00007ffe9c133000 	C:\WINDOWS\System32\combase.dll
0x00007ffe999c0000 - 0x00007ffe999ee000 	C:\WINDOWS\SYSTEM32\Wldp.dll
0x00007ffe9b4b0000 - 0x00007ffe9b57d000 	C:\WINDOWS\System32\OLEAUT32.dll
0x00007ffe9bcd0000 - 0x00007ffe9bd7d000 	C:\WINDOWS\System32\SHCORE.dll
0x00007ffe9c4c0000 - 0x00007ffe9c515000 	C:\WINDOWS\System32\shlwapi.dll
0x00007ffe99ec0000 - 0x00007ffe99ee4000 	C:\WINDOWS\SYSTEM32\profapi.dll
0x00007ffe6a080000 - 0x00007ffe6a099000 	C:\Users\Baptiste\.vscode\extensions\redhat.java-1.36.0-win32-x64\jre\17.0.13-win32-x86_64\bin\net.dll
0x00007ffe934e0000 - 0x00007ffe935ed000 	C:\WINDOWS\SYSTEM32\WINHTTP.dll
0x00007ffe99720000 - 0x00007ffe9978a000 	C:\WINDOWS\system32\mswsock.dll
0x00007ffe6a060000 - 0x00007ffe6a076000 	C:\Users\Baptiste\.vscode\extensions\redhat.java-1.36.0-win32-x64\jre\17.0.13-win32-x86_64\bin\nio.dll
0x00007ffe834b0000 - 0x00007ffe834c0000 	c:\Users\Baptiste\.vscode\extensions\redhat.java-1.36.0-win32-x64\jre\17.0.13-win32-x86_64\bin\verify.dll
0x00007ffe65f90000 - 0x00007ffe65fd5000 	C:\Users\Baptiste\AppData\Roaming\Code\User\globalStorage\redhat.java\1.36.0\config_win\org.eclipse.equinox.launcher\org.eclipse.equinox.launcher.win32.win32.x86_64_1.2.1100.v20240722-2106\eclipse_11904.dll
0x00007ffe9c390000 - 0x00007ffe9c4bb000 	C:\WINDOWS\System32\ole32.dll
0x00007ffe99910000 - 0x00007ffe99928000 	C:\WINDOWS\SYSTEM32\CRYPTSP.dll
0x00007ffe98fd0000 - 0x00007ffe99004000 	C:\WINDOWS\system32\rsaenh.dll
0x00007ffe99e80000 - 0x00007ffe99eae000 	C:\WINDOWS\SYSTEM32\USERENV.dll
0x00007ffe99930000 - 0x00007ffe9993c000 	C:\WINDOWS\SYSTEM32\CRYPTBASE.dll
0x00007ffe993b0000 - 0x00007ffe993eb000 	C:\WINDOWS\SYSTEM32\IPHLPAPI.DLL
0x00007ffe9c140000 - 0x00007ffe9c148000 	C:\WINDOWS\System32\NSI.dll
0x00007ffe949c0000 - 0x00007ffe949d7000 	C:\WINDOWS\SYSTEM32\dhcpcsvc6.DLL
0x00007ffe949a0000 - 0x00007ffe949bd000 	C:\WINDOWS\SYSTEM32\dhcpcsvc.DLL
0x00007ffe99400000 - 0x00007ffe994ca000 	C:\WINDOWS\SYSTEM32\DNSAPI.dll
0x00007ffe64f20000 - 0x00007ffe64f69000 	C:\Users\Baptiste\AppData\Local\Temp\jna--1728255426\jna17521113566216499344.dll
0x00007ffe9b260000 - 0x00007ffe9b268000 	C:\WINDOWS\System32\PSAPI.DLL
0x00007ffe84ea0000 - 0x00007ffe84eae000 	C:\Users\Baptiste\.vscode\extensions\redhat.java-1.36.0-win32-x64\jre\17.0.13-win32-x86_64\bin\sunmscapi.dll
0x00007ffe9a0a0000 - 0x00007ffe9a1fc000 	C:\WINDOWS\System32\CRYPT32.dll
0x00007ffe99a30000 - 0x00007ffe99a57000 	C:\WINDOWS\SYSTEM32\ncrypt.dll
0x00007ffe999f0000 - 0x00007ffe99a2b000 	C:\WINDOWS\SYSTEM32\NTASN1.dll
0x00007ffe93420000 - 0x00007ffe9342a000 	C:\Windows\System32\rasadhlp.dll
0x00007ffe93e60000 - 0x00007ffe93ee0000 	C:\WINDOWS\System32\fwpuclnt.dll
0x00007ffe920a0000 - 0x00007ffe920a9000 	C:\Users\Baptiste\.vscode\extensions\redhat.java-1.36.0-win32-x64\jre\17.0.13-win32-x86_64\bin\extnet.dll

dbghelp: loaded successfully - version: 4.0.5 - missing functions: none
symbol engine: initialized successfully - sym options: 0x614 - pdb path: .;c:\Users\Baptiste\.vscode\extensions\redhat.java-1.36.0-win32-x64\jre\17.0.13-win32-x86_64\bin;C:\WINDOWS\SYSTEM32;C:\WINDOWS\WinSxS\amd64_microsoft.windows.common-controls_6595b64144ccf1df_6.0.19041.4355_none_60b8b9eb71f62e16;c:\Users\Baptiste\.vscode\extensions\redhat.java-1.36.0-win32-x64\jre\17.0.13-win32-x86_64\bin\server;C:\Users\Baptiste\AppData\Roaming\Code\User\globalStorage\redhat.java\1.36.0\config_win\org.eclipse.equinox.launcher\org.eclipse.equinox.launcher.win32.win32.x86_64_1.2.1100.v20240722-2106;C:\Users\Baptiste\AppData\Local\Temp\jna--1728255426

VM Arguments:
jvm_args: --add-modules=ALL-SYSTEM --add-opens=java.base/java.util=ALL-UNNAMED --add-opens=java.base/java.lang=ALL-UNNAMED --add-opens=java.base/sun.nio.fs=ALL-UNNAMED -Declipse.application=org.eclipse.jdt.ls.core.id1 -Dosgi.bundles.defaultStartLevel=4 -Declipse.product=org.eclipse.jdt.ls.core.product -Djava.import.generatesMetadataFilesAtProjectRoot=false -DDetectVMInstallationsJob.disabled=true -Dfile.encoding=utf8 -XX:+UseParallelGC -XX:GCTimeRatio=4 -XX:AdaptiveSizePolicyWeight=90 -Dsun.zip.disableMemoryMapping=true -Xmx1G -Xms100m -Xlog:disable -javaagent:c:\Users\Baptiste\.vscode\extensions\redhat.java-1.36.0-win32-x64\lombok\lombok-1.18.35.jar -XX:+HeapDumpOnOutOfMemoryError -XX:HeapDumpPath=c:\Users\Baptiste\AppData\Roaming\Code\User\workspaceStorage\2ba083714be71e1c8872c7d66529f181\redhat.java -Daether.dependencyCollector.impl=bf 
java_command: c:\Users\Baptiste\.vscode\extensions\redhat.java-1.36.0-win32-x64\server\plugins\org.eclipse.equinox.launcher_1.6.900.v20240613-2009.jar -configuration c:\Users\Baptiste\AppData\Roaming\Code\User\globalStorage\redhat.java\1.36.0\config_win -data c:\Users\Baptiste\AppData\Roaming\Code\User\workspaceStorage\2ba083714be71e1c8872c7d66529f181\redhat.java\jdt_ws --pipe=\\.\pipe\lsp-9b49e95e30a39b6a6c8c7fcfc0ca31f4-sock
java_class_path (initial): c:\Users\Baptiste\.vscode\extensions\redhat.java-1.36.0-win32-x64\server\plugins\org.eclipse.equinox.launcher_1.6.900.v20240613-2009.jar
Launcher Type: SUN_STANDARD

[Global flags]
    uintx AdaptiveSizePolicyWeight                 = 90                                        {product} {command line}
     intx CICompilerCount                          = 3                                         {product} {ergonomic}
    uintx GCTimeRatio                              = 4                                         {product} {command line}
     bool HeapDumpOnOutOfMemoryError               = true                                   {manageable} {command line}
    ccstr HeapDumpPath                             = c:\Users\Baptiste\AppData\Roaming\Code\User\workspaceStorage\2ba083714be71e1c8872c7d66529f181\redhat.java         {manageable} {command line}
   size_t InitialHeapSize                          = 104857600                                 {product} {command line}
   size_t MaxHeapSize                              = 1073741824                                {product} {command line}
   size_t MaxNewSize                               = 357564416                                 {product} {ergonomic}
   size_t MinHeapDeltaBytes                        = 524288                                    {product} {ergonomic}
   size_t MinHeapSize                              = 104857600                                 {product} {command line}
   size_t NewSize                                  = 34603008                                  {product} {ergonomic}
    uintx NonNMethodCodeHeapSize                   = 5832780                                {pd product} {ergonomic}
    uintx NonProfiledCodeHeapSize                  = 122912730                              {pd product} {ergonomic}
   size_t OldSize                                  = 70254592                                  {product} {ergonomic}
    uintx ProfiledCodeHeapSize                     = 122912730                              {pd product} {ergonomic}
    uintx ReservedCodeCacheSize                    = 251658240                              {pd product} {ergonomic}
     bool SegmentedCodeCache                       = true                                      {product} {ergonomic}
   size_t SoftMaxHeapSize                          = 1073741824                             {manageable} {ergonomic}
     bool UseCompressedClassPointers               = true                           {product lp64_product} {ergonomic}
     bool UseCompressedOops                        = true                           {product lp64_product} {ergonomic}
     bool UseLargePagesIndividualAllocation        = false                                  {pd product} {ergonomic}
     bool UseParallelGC                            = true                                      {product} {command line}

Logging:
Log output configuration:
 #0: stdout all=off uptime,level,tags
 #1: stderr all=off uptime,level,tags

Environment Variables:
PATH=C:\Program Files\Common Files\Oracle\Java\javapath;C:\WINDOWS\system32;C:\WINDOWS;C:\WINDOWS\System32\Wbem;C:\WINDOWS\System32\WindowsPowerShell\v1.0\;C:\WINDOWS\System32\OpenSSH\;C:\Program Files\nodejs\;C:\Program Files\Git\cmd;C:\Program Files\PuTTY\;C:\Users\Baptiste\AppData\Local\Microsoft\WindowsApps;C:\Users\Baptiste\AppData\Roaming\npm;C:\Users\Baptiste\AppData\Local\Programs\Microsoft VS Code\bin;C:\xampp\php;C:\Program Files\Java\jdk-22\bin;C:\Users\Baptiste\Downloads\sqlite-tools-win-x64-3460100;
USERNAME=Baptiste
OS=Windows_NT
PROCESSOR_IDENTIFIER=Intel64 Family 6 Model 58 Stepping 9, GenuineIntel
TMP=C:\Users\Baptiste\AppData\Local\Temp
TEMP=C:\Users\Baptiste\AppData\Local\Temp



Periodic native trim disabled


---------------  S Y S T E M  ---------------

OS:
 Windows 10 , 64 bit Build 19041 (10.0.19041.4957)
OS uptime: 2 days 6:09 hours

CPU: total 4 (initial active 4) (4 cores per cpu, 1 threads per core) family 6 model 58 stepping 9 microcode 0x21, cx8, cmov, fxsr, mmx, sse, sse2, sse3, ssse3, sse4.1, sse4.2, popcnt, tsc, tscinvbit, avx, aes, erms, clmul, vzeroupper, clflush
Processor Information for all 4 processors :
  Max Mhz: 3201, Current Mhz: 3201, Mhz Limit: 3201

Memory: 4k page, system-wide physical 8073M (274M free)
TotalPageFile size 32649M (AvailPageFile size 0M)
current process WorkingSet (physical memory assigned to process): 254M, peak: 254M
current process commit charge ("private bytes"): 293M, peak: 308M

vm_info: OpenJDK 64-Bit Server VM (17.0.13+11) for windows-amd64 JRE (17.0.13+11), built on Oct 16 2024 00:10:08 by "admin" with MS VC++ 17.7 (VS2022)

END.
